<?xml version="1.0" encoding="UTF-8"?>
<testsuite name="com.HuskyGroups.controller.UserControllerTest" tests="1" skipped="0" failures="0" errors="0" timestamp="2021-11-29T13:51:06" hostname="Xiaojies-MacBook-Pro.local" time="0.188">
  <properties/>
  <testcase name="contextLoads()" classname="com.HuskyGroups.controller.UserControllerTest" time="0.188"/>
  <system-out><![CDATA[08:50:59.240 [Test worker] DEBUG org.springframework.test.context.BootstrapUtils - Instantiating CacheAwareContextLoaderDelegate from class [org.springframework.test.context.cache.DefaultCacheAwareContextLoaderDelegate]
08:50:59.254 [Test worker] DEBUG org.springframework.test.context.BootstrapUtils - Instantiating BootstrapContext using constructor [public org.springframework.test.context.support.DefaultBootstrapContext(java.lang.Class,org.springframework.test.context.CacheAwareContextLoaderDelegate)]
08:50:59.288 [Test worker] DEBUG org.springframework.test.context.BootstrapUtils - Instantiating TestContextBootstrapper for test class [com.HuskyGroups.controller.UserControllerTest] from class [org.springframework.boot.test.context.SpringBootTestContextBootstrapper]
08:50:59.311 [Test worker] INFO org.springframework.boot.test.context.SpringBootTestContextBootstrapper - Neither @ContextConfiguration nor @ContextHierarchy found for test class [com.HuskyGroups.controller.UserControllerTest], using SpringBootContextLoader
08:50:59.316 [Test worker] DEBUG org.springframework.test.context.support.AbstractContextLoader - Did not detect default resource location for test class [com.HuskyGroups.controller.UserControllerTest]: class path resource [com/HuskyGroups/controller/UserControllerTest-context.xml] does not exist
08:50:59.317 [Test worker] DEBUG org.springframework.test.context.support.AbstractContextLoader - Did not detect default resource location for test class [com.HuskyGroups.controller.UserControllerTest]: class path resource [com/HuskyGroups/controller/UserControllerTestContext.groovy] does not exist
08:50:59.317 [Test worker] INFO org.springframework.test.context.support.AbstractContextLoader - Could not detect default resource locations for test class [com.HuskyGroups.controller.UserControllerTest]: no resource found for suffixes {-context.xml, Context.groovy}.
08:50:59.318 [Test worker] INFO org.springframework.test.context.support.AnnotationConfigContextLoaderUtils - Could not detect default configuration classes for test class [com.HuskyGroups.controller.UserControllerTest]: UserControllerTest does not declare any static, non-private, non-final, nested classes annotated with @Configuration.
08:50:59.369 [Test worker] DEBUG org.springframework.test.context.support.ActiveProfilesUtils - Could not find an 'annotation declaring class' for annotation type [org.springframework.test.context.ActiveProfiles] and class [com.HuskyGroups.controller.UserControllerTest]
08:50:59.452 [Test worker] DEBUG org.springframework.context.annotation.ClassPathScanningCandidateComponentProvider - Identified candidate component class: file [/Users/xiaojiechen/Project/HG/Team14/build/classes/java/main/com/HuskyGroups/HuskyGroupsApplication.class]
08:50:59.452 [Test worker] INFO org.springframework.boot.test.context.SpringBootTestContextBootstrapper - Found @SpringBootConfiguration com.HuskyGroups.HuskyGroupsApplication for test class com.HuskyGroups.controller.UserControllerTest
08:50:59.566 [Test worker] DEBUG org.springframework.boot.test.context.SpringBootTestContextBootstrapper - @TestExecutionListeners is not present for class [com.HuskyGroups.controller.UserControllerTest]: using defaults.
08:50:59.567 [Test worker] INFO org.springframework.boot.test.context.SpringBootTestContextBootstrapper - Loaded default TestExecutionListener class names from location [META-INF/spring.factories]: [org.springframework.boot.test.autoconfigure.restdocs.RestDocsTestExecutionListener, org.springframework.boot.test.autoconfigure.web.client.MockRestServiceServerResetTestExecutionListener, org.springframework.boot.test.autoconfigure.web.servlet.MockMvcPrintOnlyOnFailureTestExecutionListener, org.springframework.boot.test.autoconfigure.web.servlet.WebDriverTestExecutionListener, org.springframework.boot.test.autoconfigure.webservices.client.MockWebServiceServerTestExecutionListener, org.springframework.boot.test.mock.mockito.MockitoTestExecutionListener, org.springframework.boot.test.mock.mockito.ResetMocksTestExecutionListener, org.springframework.test.context.web.ServletTestExecutionListener, org.springframework.test.context.support.DirtiesContextBeforeModesTestExecutionListener, org.springframework.test.context.event.ApplicationEventsTestExecutionListener, org.springframework.test.context.support.DependencyInjectionTestExecutionListener, org.springframework.test.context.support.DirtiesContextTestExecutionListener, org.springframework.test.context.transaction.TransactionalTestExecutionListener, org.springframework.test.context.jdbc.SqlScriptsTestExecutionListener, org.springframework.test.context.event.EventPublishingTestExecutionListener]
08:50:59.589 [Test worker] INFO org.springframework.boot.test.context.SpringBootTestContextBootstrapper - Using TestExecutionListeners: [org.springframework.test.context.web.ServletTestExecutionListener@66238be2, org.springframework.test.context.support.DirtiesContextBeforeModesTestExecutionListener@1c25b8a7, org.springframework.test.context.event.ApplicationEventsTestExecutionListener@200606de, org.springframework.boot.test.mock.mockito.MockitoTestExecutionListener@750fe12e, org.springframework.boot.test.autoconfigure.SpringBootDependencyInjectionTestExecutionListener@f8908f6, org.springframework.test.context.support.DirtiesContextTestExecutionListener@3e587920, org.springframework.test.context.transaction.TransactionalTestExecutionListener@2ef8a8c3, org.springframework.test.context.jdbc.SqlScriptsTestExecutionListener@24f43aa3, org.springframework.test.context.event.EventPublishingTestExecutionListener@63fd4873, org.springframework.boot.test.autoconfigure.restdocs.RestDocsTestExecutionListener@1e11bc55, org.springframework.boot.test.autoconfigure.web.client.MockRestServiceServerResetTestExecutionListener@7544a1e4, org.springframework.boot.test.autoconfigure.web.servlet.MockMvcPrintOnlyOnFailureTestExecutionListener@70e0accd, org.springframework.boot.test.autoconfigure.web.servlet.WebDriverTestExecutionListener@7957dc72, org.springframework.boot.test.autoconfigure.webservices.client.MockWebServiceServerTestExecutionListener@6ab72419, org.springframework.boot.test.mock.mockito.ResetMocksTestExecutionListener@3aacf32a]
08:50:59.593 [Test worker] DEBUG org.springframework.test.context.support.AbstractDirtiesContextTestExecutionListener - Before test class: context [DefaultTestContext@d816dde testClass = UserControllerTest, testInstance = [null], testMethod = [null], testException = [null], mergedContextConfiguration = [WebMergedContextConfiguration@6e33c391 testClass = UserControllerTest, locations = '{}', classes = '{class com.HuskyGroups.HuskyGroupsApplication}', contextInitializerClasses = '[]', activeProfiles = '{}', propertySourceLocations = '{}', propertySourceProperties = '{org.springframework.boot.test.context.SpringBootTestContextBootstrapper=true}', contextCustomizers = set[org.springframework.boot.test.autoconfigure.actuate.metrics.MetricsExportContextCustomizerFactory$DisableMetricExportContextCustomizer@6c25e6c4, org.springframework.boot.test.autoconfigure.properties.PropertyMappingContextCustomizer@0, org.springframework.boot.test.autoconfigure.web.servlet.WebDriverContextCustomizerFactory$Customizer@4bd1f8dd, org.springframework.boot.test.context.filter.ExcludeFilterContextCustomizer@3d3ba765, org.springframework.boot.test.json.DuplicateJsonObjectContextCustomizerFactory$DuplicateJsonObjectContextCustomizer@793138bd, org.springframework.boot.test.mock.mockito.MockitoContextCustomizer@0, org.springframework.boot.test.web.client.TestRestTemplateContextCustomizer@246f8b8b, org.springframework.boot.test.context.SpringBootTestArgs@1, org.springframework.boot.test.context.SpringBootTestWebEnvironment@147e2ae7], resourceBasePath = 'src/main/webapp', contextLoader = 'org.springframework.boot.test.context.SpringBootContextLoader', parent = [null]], attributes = map['org.springframework.test.context.web.ServletTestExecutionListener.activateListener' -> true]], class annotated with @DirtiesContext [false] with mode [null].
08:50:59.635 [Test worker] DEBUG org.springframework.test.context.support.TestPropertySourceUtils - Adding inlined properties to environment: {spring.jmx.enabled=false, org.springframework.boot.test.context.SpringBootTestContextBootstrapper=true}

  .   ____          _            __ _ _
 /\\ / ___'_ __ _ _(_)_ __  __ _ \ \ \ \
( ( )\___ | '_ | '_| | '_ \/ _` | \ \ \ \
 \\/  ___)| |_)| | | | | || (_| |  ) ) ) )
  '  |____| .__|_| |_|_| |_\__, | / / / /
 =========|_|==============|___/=/_/_/_/
 :: Spring Boot ::                (v2.5.6)

2021-11-29 08:50:59.950  INFO 78048 --- [    Test worker] c.H.controller.UserControllerTest        : Starting UserControllerTest using Java 11.0.12 on rover-210-70.rovernet.mtu.edu with PID 78048 (started by xiaojiechen in /Users/xiaojiechen/Project/HG/Team14)
2021-11-29 08:50:59.953  INFO 78048 --- [    Test worker] c.H.controller.UserControllerTest        : No active profile set, falling back to default profiles: default
2021-11-29 08:51:01.104  INFO 78048 --- [    Test worker] .s.d.r.c.RepositoryConfigurationDelegate : Bootstrapping Spring Data JPA repositories in DEFAULT mode.
2021-11-29 08:51:01.310  INFO 78048 --- [    Test worker] .s.d.r.c.RepositoryConfigurationDelegate : Finished Spring Data repository scanning in 165 ms. Found 4 JPA repository interfaces.
2021-11-29 08:51:02.355  INFO 78048 --- [    Test worker] o.hibernate.jpa.internal.util.LogHelper  : HHH000204: Processing PersistenceUnitInfo [name: default]
2021-11-29 08:51:02.500  INFO 78048 --- [    Test worker] org.hibernate.Version                    : HHH000412: Hibernate ORM core version 5.4.32.Final
2021-11-29 08:51:02.777  INFO 78048 --- [    Test worker] o.hibernate.annotations.common.Version   : HCANN000001: Hibernate Commons Annotations {5.1.2.Final}
2021-11-29 08:51:03.001  INFO 78048 --- [    Test worker] com.zaxxer.hikari.HikariDataSource       : HikariPool-1 - Starting...
2021-11-29 08:51:03.656  INFO 78048 --- [    Test worker] com.zaxxer.hikari.HikariDataSource       : HikariPool-1 - Start completed.
2021-11-29 08:51:03.682  INFO 78048 --- [    Test worker] org.hibernate.dialect.Dialect            : HHH000400: Using dialect: org.hibernate.dialect.MySQL5Dialect
2021-11-29 08:51:04.827  INFO 78048 --- [    Test worker] o.h.e.t.j.p.i.JtaPlatformInitiator       : HHH000490: Using JtaPlatform implementation: [org.hibernate.engine.transaction.jta.platform.internal.NoJtaPlatform]
2021-11-29 08:51:04.839  INFO 78048 --- [    Test worker] j.LocalContainerEntityManagerFactoryBean : Initialized JPA EntityManagerFactory for persistence unit 'default'
2021-11-29 08:51:05.352  WARN 78048 --- [    Test worker] JpaBaseConfiguration$JpaWebConfiguration : spring.jpa.open-in-view is enabled by default. Therefore, database queries may be performed during view rendering. Explicitly configure spring.jpa.open-in-view to disable this warning
2021-11-29 08:51:06.112  INFO 78048 --- [    Test worker] c.H.controller.UserControllerTest        : Started UserControllerTest in 6.469 seconds (JVM running for 7.714)
]]></system-out>
  <system-err><![CDATA[]]></system-err>
</testsuite>
